{
"contracts/CronosToken.sol":{"l":{"10":3,"11":3,"16":1,"20":1,"21":1},"path":"/Users/vikassah/Documents/vikas/projects/cronos/cronos-dev-evangelist-mizply/task07/contracts/CronosToken.sol","s":{"1":3,"2":3,"3":1,"4":1},"b":{"1":[1,0]},"f":{"1":3,"2":1,"3":1},"fnMap":{"1":{"name":"constructor","line":9,"loc":{"start":{"line":9,"column":4},"end":{"line":13,"column":4}}},"2":{"name":"mint","line":15,"loc":{"start":{"line":15,"column":4},"end":{"line":17,"column":4}}},"3":{"name":"onlyOwner","line":19,"loc":{"start":{"line":19,"column":4},"end":{"line":22,"column":4}}}},"statementMap":{"1":{"start":{"line":10,"column":8},"end":{"line":10,"column":26}},"2":{"start":{"line":11,"column":8},"end":{"line":11,"column":39}},"3":{"start":{"line":16,"column":8},"end":{"line":16,"column":24}},"4":{"start":{"line":20,"column":8},"end":{"line":20,"column":53}}},"branchMap":{"1":{"line":20,"type":"if","locations":[{"start":{"line":20,"column":8},"end":{"line":20,"column":8}},{"start":{"line":20,"column":8},"end":{"line":20,"column":8}}]}}}}
